<?xml version="1.0" encoding="UTF-8"?>
<coverage generated="1667771108411" clover="3.2.0">
  <project timestamp="1667771108411" name="All files">
    <metrics statements="14" coveredstatements="14" conditionals="13" coveredconditionals="12" methods="5" coveredmethods="5" elements="32" coveredelements="31" complexity="0" loc="14" ncloc="14" packages="1" files="1" classes="1"/>
    <file name="utils.ts" path="/run/media/me/ssd1/Developing/math-wordle/src/utils.ts">
      <metrics statements="14" coveredstatements="14" conditionals="13" coveredconditionals="12" methods="5" coveredmethods="5"/>
      <line num="2" count="5" type="stmt"/>
      <line num="5" count="1" type="stmt"/>
      <line num="10" count="8" type="cond" truecount="2" falsecount="0"/>
      <line num="16" count="2" type="stmt"/>
      <line num="17" count="6" type="cond" truecount="2" falsecount="0"/>
      <line num="18" count="5" type="stmt"/>
      <line num="22" count="2" type="stmt"/>
      <line num="23" count="2" type="stmt"/>
      <line num="24" count="1" type="stmt"/>
      <line num="26" count="1" type="stmt"/>
      <line num="31" count="2" type="stmt"/>
      <line num="39" count="1" type="stmt"/>
      <line num="41" count="33" type="cond" truecount="1" falsecount="1"/>
      <line num="42" count="1" type="stmt"/>
    </file>
  </project>
</coverage>
