{
  "/run/media/me/ssd1/Developing/math-wordle/src/utils.ts": {
    "path": "/run/media/me/ssd1/Developing/math-wordle/src/utils.ts",
    "statementMap": {
      "0": {
        "start": { "line": 2, "column": 2 },
        "end": { "line": 2, "column": 29 }
      },
      "1": {
        "start": { "line": 5, "column": 18 },
        "end": { "line": 7, "column": 1 }
      },
      "2": {
        "start": { "line": 10, "column": 2 },
        "end": { "line": 16, "column": 17 }
      },
      "3": {
        "start": { "line": 16, "column": 4 },
        "end": { "line": 16, "column": 17 }
      },
      "4": {
        "start": { "line": 17, "column": 2 },
        "end": { "line": 17, "column": 48 }
      },
      "5": {
        "start": { "line": 17, "column": 35 },
        "end": { "line": 17, "column": 48 }
      },
      "6": {
        "start": { "line": 18, "column": 2 },
        "end": { "line": 18, "column": 29 }
      },
      "7": {
        "start": { "line": 22, "column": 2 },
        "end": { "line": 27, "column": 3 }
      },
      "8": {
        "start": { "line": 23, "column": 19 },
        "end": { "line": 23, "column": 52 }
      },
      "9": {
        "start": { "line": 24, "column": 4 },
        "end": { "line": 24, "column": 18 }
      },
      "10": {
        "start": { "line": 26, "column": 4 },
        "end": { "line": 26, "column": 16 }
      },
      "11": {
        "start": { "line": 31, "column": 2 },
        "end": { "line": 35, "column": 4 }
      },
      "12": {
        "start": { "line": 39, "column": 16 },
        "end": { "line": 39, "column": 18 }
      },
      "13": {
        "start": { "line": 41, "column": 2 },
        "end": { "line": 41, "column": 71 }
      },
      "14": {
        "start": { "line": 41, "column": 35 },
        "end": { "line": 41, "column": 71 }
      },
      "15": {
        "start": { "line": 41, "column": 55 },
        "end": { "line": 41, "column": 71 }
      },
      "16": {
        "start": { "line": 42, "column": 2 },
        "end": { "line": 42, "column": 17 }
      }
    },
    "fnMap": {
      "0": {
        "name": "isNumeric",
        "decl": {
          "start": { "line": 1, "column": 16 },
          "end": { "line": 1, "column": 25 }
        },
        "loc": {
          "start": { "line": 1, "column": 39 },
          "end": { "line": 3, "column": 1 }
        },
        "line": 1
      },
      "1": {
        "name": "isMathExpression",
        "decl": {
          "start": { "line": 9, "column": 16 },
          "end": { "line": 9, "column": 32 }
        },
        "loc": {
          "start": { "line": 9, "column": 46 },
          "end": { "line": 19, "column": 1 }
        },
        "line": 9
      },
      "2": {
        "name": "unsafe_getMathExpressionResult",
        "decl": {
          "start": { "line": 21, "column": 16 },
          "end": { "line": 21, "column": 46 }
        },
        "loc": {
          "start": { "line": 21, "column": 60 },
          "end": { "line": 28, "column": 1 }
        },
        "line": 21
      },
      "3": {
        "name": "isTheSameDay",
        "decl": {
          "start": { "line": 30, "column": 16 },
          "end": { "line": 30, "column": 28 }
        },
        "loc": {
          "start": { "line": 30, "column": 47 },
          "end": { "line": 36, "column": 1 }
        },
        "line": 30
      },
      "4": {
        "name": "getAllIndexes",
        "decl": {
          "start": { "line": 38, "column": 16 },
          "end": { "line": 38, "column": 29 }
        },
        "loc": {
          "start": { "line": 38, "column": 53 },
          "end": { "line": 43, "column": 1 }
        },
        "line": 38
      }
    },
    "branchMap": {
      "0": {
        "loc": {
          "start": { "line": 10, "column": 2 },
          "end": { "line": 16, "column": 17 }
        },
        "type": "if",
        "locations": [
          {
            "start": { "line": 10, "column": 2 },
            "end": { "line": 16, "column": 17 }
          },
          { "start": {}, "end": {} }
        ],
        "line": 10
      },
      "1": {
        "loc": {
          "start": { "line": 11, "column": 4 },
          "end": { "line": 14, "column": 23 }
        },
        "type": "binary-expr",
        "locations": [
          {
            "start": { "line": 11, "column": 4 },
            "end": { "line": 11, "column": 23 }
          },
          {
            "start": { "line": 12, "column": 4 },
            "end": { "line": 12, "column": 23 }
          },
          {
            "start": { "line": 13, "column": 4 },
            "end": { "line": 13, "column": 23 }
          },
          {
            "start": { "line": 14, "column": 4 },
            "end": { "line": 14, "column": 23 }
          }
        ],
        "line": 11
      },
      "2": {
        "loc": {
          "start": { "line": 17, "column": 2 },
          "end": { "line": 17, "column": 48 }
        },
        "type": "if",
        "locations": [
          {
            "start": { "line": 17, "column": 2 },
            "end": { "line": 17, "column": 48 }
          },
          { "start": {}, "end": {} }
        ],
        "line": 17
      },
      "3": {
        "loc": {
          "start": { "line": 32, "column": 4 },
          "end": { "line": 34, "column": 31 }
        },
        "type": "binary-expr",
        "locations": [
          {
            "start": { "line": 32, "column": 4 },
            "end": { "line": 32, "column": 39 }
          },
          {
            "start": { "line": 33, "column": 4 },
            "end": { "line": 33, "column": 33 }
          },
          {
            "start": { "line": 34, "column": 4 },
            "end": { "line": 34, "column": 31 }
          }
        ],
        "line": 32
      },
      "4": {
        "loc": {
          "start": { "line": 41, "column": 35 },
          "end": { "line": 41, "column": 71 }
        },
        "type": "if",
        "locations": [
          {
            "start": { "line": 41, "column": 35 },
            "end": { "line": 41, "column": 71 }
          },
          { "start": {}, "end": {} }
        ],
        "line": 41
      }
    },
    "s": {
      "0": 5,
      "1": 1,
      "2": 8,
      "3": 2,
      "4": 6,
      "5": 1,
      "6": 5,
      "7": 2,
      "8": 2,
      "9": 1,
      "10": 1,
      "11": 2,
      "12": 1,
      "13": 1,
      "14": 33,
      "15": 0,
      "16": 1
    },
    "f": { "0": 5, "1": 8, "2": 2, "3": 2, "4": 1 },
    "b": {
      "0": [2, 6],
      "1": [8, 7, 6, 6],
      "2": [1, 5],
      "3": [2, 1, 1],
      "4": [0, 33]
    },
    "_coverageSchema": "1a1c01bbd47fc00a2c39e90264f33305004495a9",
    "hash": "ebaf1e2b9b8ab3cf678fe12d7634c69d020b644e"
  }
}
