TN:
SF:src/utils.ts
FN:1,isNumeric
FN:9,isMathExpression
FN:21,unsafe_getMathExpressionResult
FN:30,isTheSameDay
FN:38,getAllIndexes
FNF:5
FNH:5
FNDA:5,isNumeric
FNDA:8,isMathExpression
FNDA:2,unsafe_getMathExpressionResult
FNDA:2,isTheSameDay
FNDA:1,getAllIndexes
DA:2,5
DA:5,1
DA:10,8
DA:16,2
DA:17,6
DA:18,5
DA:22,2
DA:23,2
DA:24,1
DA:26,1
DA:31,2
DA:39,1
DA:41,33
DA:42,1
LF:14
LH:14
BRDA:10,0,0,2
BRDA:10,0,1,6
BRDA:11,1,0,8
BRDA:11,1,1,7
BRDA:11,1,2,6
BRDA:11,1,3,6
BRDA:17,2,0,1
BRDA:17,2,1,5
BRDA:32,3,0,2
BRDA:32,3,1,1
BRDA:32,3,2,1
BRDA:41,4,0,0
BRDA:41,4,1,33
BRF:13
BRH:12
end_of_record
